may. 07, 2024 10:58:22 P. M. tp.LOG run
INFORMACIÓN: Información actual: 
Verificados: 0
Cancelados: 0
may. 07, 2024 10:58:22 P. M. tp.LOG run
INFORMACIÓN: Información actual: 
Verificados: 3
Cancelados: 1
may. 07, 2024 10:58:22 P. M. tp.LOG run
INFORMACIÓN: Información actual: 
Verificados: 6
Cancelados: 2
may. 07, 2024 10:58:22 P. M. tp.LOG run
INFORMACIÓN: Información actual: 
Verificados: 9
Cancelados: 5
may. 07, 2024 10:58:23 P. M. tp.LOG run
INFORMACIÓN: Información actual: 
Verificados: 11
Cancelados: 7
may. 07, 2024 10:58:23 P. M. tp.LOG run
INFORMACIÓN: Información actual: 
Verificados: 11
Cancelados: 9
may. 07, 2024 10:58:23 P. M. tp.LOG run
INFORMACIÓN: Información actual: 
Verificados: 14
Cancelados: 10
may. 07, 2024 10:58:23 P. M. tp.LOG run
INFORMACIÓN: Información actual: 
Verificados: 18
Cancelados: 10
may. 07, 2024 10:58:23 P. M. tp.LOG run
INFORMACIÓN: Información actual: 
Verificados: 19
Cancelados: 11
may. 07, 2024 10:58:24 P. M. tp.LOG run
INFORMACIÓN: Información actual: 
Verificados: 22
Cancelados: 12
may. 07, 2024 10:58:24 P. M. tp.LOG run
INFORMACIÓN: Información actual: 
Verificados: 24
Cancelados: 13
may. 07, 2024 10:58:24 P. M. tp.LOG run
INFORMACIÓN: Información actual: 
Verificados: 27
Cancelados: 15
may. 07, 2024 10:58:24 P. M. tp.LOG run
INFORMACIÓN: Información actual: 
Verificados: 32
Cancelados: 16
may. 07, 2024 10:58:24 P. M. tp.LOG run
INFORMACIÓN: Información actual: 
Verificados: 35
Cancelados: 17
may. 07, 2024 10:58:25 P. M. tp.LOG run
INFORMACIÓN: Información actual: 
Verificados: 41
Cancelados: 21
may. 07, 2024 10:58:25 P. M. tp.LOG run
INFORMACIÓN: Información actual: 
Verificados: 45
Cancelados: 22
may. 07, 2024 10:58:25 P. M. tp.LOG run
INFORMACIÓN: Información actual: 
Verificados: 50
Cancelados: 23
may. 07, 2024 10:58:25 P. M. tp.LOG run
INFORMACIÓN: Información actual: 
Verificados: 51
Cancelados: 25
may. 07, 2024 10:58:25 P. M. tp.LOG run
INFORMACIÓN: Información actual: 
Verificados: 55
Cancelados: 25
may. 07, 2024 10:58:26 P. M. tp.LOG run
INFORMACIÓN: Información actual: 
Verificados: 58
Cancelados: 25
may. 07, 2024 10:58:26 P. M. tp.LOG run
INFORMACIÓN: Información actual: 
Verificados: 59
Cancelados: 26
may. 07, 2024 10:58:26 P. M. tp.LOG run
INFORMACIÓN: Información actual: 
Verificados: 63
Cancelados: 28
may. 07, 2024 10:58:26 P. M. tp.LOG run
INFORMACIÓN: Información actual: 
Verificados: 63
Cancelados: 28
may. 07, 2024 10:58:26 P. M. tp.LOG run
INFORMACIÓN: Información actual: 
Verificados: 66
Cancelados: 29
may. 07, 2024 10:58:27 P. M. tp.LOG run
INFORMACIÓN: Información actual: 
Verificados: 67
Cancelados: 30
may. 07, 2024 10:58:27 P. M. tp.LOG run
INFORMACIÓN: Información actual: 
Verificados: 72
Cancelados: 31
may. 07, 2024 10:58:27 P. M. tp.LOG run
INFORMACIÓN: Información actual: 
Verificados: 74
Cancelados: 32
may. 07, 2024 10:58:27 P. M. tp.LOG run
INFORMACIÓN: Información actual: 
Verificados: 78
Cancelados: 34
may. 07, 2024 10:58:28 P. M. tp.LOG run
INFORMACIÓN: Información actual: 
Verificados: 85
Cancelados: 35
may. 07, 2024 10:58:28 P. M. tp.LOG run
INFORMACIÓN: Información actual: 
Verificados: 90
Cancelados: 35
may. 07, 2024 10:58:28 P. M. tp.LOG run
INFORMACIÓN: Información actual: 
Verificados: 94
Cancelados: 36
may. 07, 2024 10:58:28 P. M. tp.LOG run
INFORMACIÓN: Información actual: 
Verificados: 98
Cancelados: 40
may. 07, 2024 10:58:28 P. M. tp.LOG run
INFORMACIÓN: Información actual: 
Verificados: 103
Cancelados: 41
may. 07, 2024 10:58:29 P. M. tp.LOG run
INFORMACIÓN: Información actual: 
Verificados: 106
Cancelados: 43
may. 07, 2024 10:58:29 P. M. tp.LOG run
INFORMACIÓN: Información actual: 
Verificados: 111
Cancelados: 43
may. 07, 2024 10:58:29 P. M. tp.LOG run
INFORMACIÓN: Información actual: 
Verificados: 113
Cancelados: 44
may. 07, 2024 10:58:29 P. M. tp.LOG run
INFORMACIÓN: Información actual: 
Verificados: 114
Cancelados: 44
may. 07, 2024 10:58:29 P. M. tp.LOG run
INFORMACIÓN: Información actual: 
Verificados: 114
Cancelados: 44
may. 07, 2024 10:58:30 P. M. tp.LOG run
INFORMACIÓN: Información actual: 
Verificados: 114
Cancelados: 46
may. 07, 2024 10:58:30 P. M. tp.LOG run
INFORMACIÓN: Información actual: 
Verificados: 117
Cancelados: 46
may. 07, 2024 10:58:30 P. M. tp.LOG run
INFORMACIÓN: Información actual: 
Verificados: 117
Cancelados: 46
may. 07, 2024 10:58:30 P. M. tp.LOG run
INFORMACIÓN: Información actual: 
Verificados: 118
Cancelados: 46
may. 07, 2024 10:58:30 P. M. tp.LOG run
INFORMACIÓN: Información actual: 
Verificados: 118
Cancelados: 46
may. 07, 2024 10:58:31 P. M. tp.LOG run
INFORMACIÓN: Información actual: 
Verificados: 118
Cancelados: 46
may. 07, 2024 10:58:31 P. M. tp.LOG run
INFORMACIÓN: Información actual: 
Verificados: 118
Cancelados: 46
may. 07, 2024 10:58:31 P. M. tp.LOG run
INFORMACIÓN: Información actual: 
Verificados: 119
Cancelados: 47
may. 07, 2024 10:58:31 P. M. tp.LOG run
INFORMACIÓN: Información actual: 
Verificados: 119
Cancelados: 47
may. 07, 2024 10:58:31 P. M. tp.LOG run
INFORMACIÓN: Información actual: 
Verificados: 119
Cancelados: 47
may. 07, 2024 10:58:32 P. M. tp.LOG run
INFORMACIÓN: Información actual: 
Verificados: 119
Cancelados: 47
may. 07, 2024 10:58:32 P. M. tp.LOG run
INFORMACIÓN: Información actual: 
Verificados: 119
Cancelados: 47
may. 07, 2024 10:58:32 P. M. tp.LOG run
INFORMACIÓN: Información actual: 
Verificados: 119
Cancelados: 47
may. 07, 2024 10:58:32 P. M. tp.LOG run
INFORMACIÓN: Información actual: 
Verificados: 119
Cancelados: 48
may. 07, 2024 10:58:32 P. M. tp.LOG run
INFORMACIÓN: Información actual: 
Verificados: 119
Cancelados: 48
may. 07, 2024 10:58:33 P. M. tp.LOG run
INFORMACIÓN: Información actual: 
Verificados: 119
Cancelados: 48
may. 07, 2024 10:58:33 P. M. tp.LOG run
INFORMACIÓN: Información actual: 
Verificados: 119
Cancelados: 48
may. 07, 2024 10:58:33 P. M. tp.LOG run
INFORMACIÓN: Información actual: 
Verificados: 120
Cancelados: 48
may. 07, 2024 10:58:33 P. M. tp.LOG run
INFORMACIÓN: Información actual: 
Verificados: 121
Cancelados: 48
may. 07, 2024 10:58:33 P. M. tp.LOG run
INFORMACIÓN: Información actual: 
Verificados: 121
Cancelados: 48
may. 07, 2024 10:58:34 P. M. tp.LOG run
INFORMACIÓN: Información actual: 
Verificados: 121
Cancelados: 48
may. 07, 2024 10:58:34 P. M. tp.LOG run
INFORMACIÓN: Información actual: 
Verificados: 122
Cancelados: 48
may. 07, 2024 10:58:34 P. M. tp.LOG run
INFORMACIÓN: Información actual: 
Verificados: 122
Cancelados: 49
may. 07, 2024 10:58:34 P. M. tp.LOG run
INFORMACIÓN: Información actual: 
Verificados: 122
Cancelados: 49
may. 07, 2024 10:58:34 P. M. tp.LOG run
INFORMACIÓN: Información actual: 
Verificados: 122
Cancelados: 50
may. 07, 2024 10:58:35 P. M. tp.LOG run
INFORMACIÓN: Información actual: 
Verificados: 123
Cancelados: 50
may. 07, 2024 10:58:35 P. M. tp.LOG run
INFORMACIÓN: Información actual: 
Verificados: 123
Cancelados: 50
may. 07, 2024 10:58:35 P. M. tp.LOG run
INFORMACIÓN: Información actual: 
Verificados: 124
Cancelados: 50
may. 07, 2024 10:58:35 P. M. tp.LOG run
INFORMACIÓN: Información actual: 
Verificados: 124
Cancelados: 50
may. 07, 2024 10:58:35 P. M. tp.LOG run
INFORMACIÓN: Información actual: 
Verificados: 125
Cancelados: 50
may. 07, 2024 10:58:36 P. M. tp.LOG run
INFORMACIÓN: Información actual: 
Verificados: 125
Cancelados: 50
may. 07, 2024 10:58:36 P. M. tp.LOG run
INFORMACIÓN: Información actual: 
Verificados: 125
Cancelados: 50
may. 07, 2024 10:58:36 P. M. tp.LOG run
INFORMACIÓN: Información actual: 
Verificados: 125
Cancelados: 50
may. 07, 2024 10:58:36 P. M. tp.LOG run
INFORMACIÓN: Información actual: 
Verificados: 125
Cancelados: 51
may. 07, 2024 10:58:36 P. M. tp.LOG run
INFORMACIÓN: Información actual: 
Verificados: 125
Cancelados: 51
may. 07, 2024 10:58:37 P. M. tp.LOG run
INFORMACIÓN: Información actual: 
Verificados: 125
Cancelados: 51
may. 07, 2024 10:58:37 P. M. tp.LOG run
INFORMACIÓN: Información actual: 
Verificados: 125
Cancelados: 51
may. 07, 2024 10:58:37 P. M. tp.LOG run
INFORMACIÓN: Información actual: 
Verificados: 126
Cancelados: 51
may. 07, 2024 10:58:37 P. M. tp.LOG run
INFORMACIÓN: Información actual: 
Verificados: 126
Cancelados: 51
may. 07, 2024 10:58:37 P. M. tp.LOG run
INFORMACIÓN: Información actual: 
Verificados: 127
Cancelados: 51
may. 07, 2024 10:58:38 P. M. tp.LOG run
INFORMACIÓN: Información actual: 
Verificados: 127
Cancelados: 51
may. 07, 2024 10:58:38 P. M. tp.LOG run
INFORMACIÓN: Información actual: 
Verificados: 127
Cancelados: 51
may. 07, 2024 10:58:38 P. M. tp.LOG run
INFORMACIÓN: Información actual: 
Verificados: 127
Cancelados: 51
may. 07, 2024 10:58:38 P. M. tp.LOG run
INFORMACIÓN: Información actual: 
Verificados: 127
Cancelados: 51
may. 07, 2024 10:58:38 P. M. tp.LOG run
INFORMACIÓN: Información actual: 
Verificados: 127
Cancelados: 51
may. 07, 2024 10:58:39 P. M. tp.LOG run
INFORMACIÓN: Información actual: 
Verificados: 127
Cancelados: 51
may. 07, 2024 10:58:39 P. M. tp.LOG run
INFORMACIÓN: Información actual: 
Verificados: 127
Cancelados: 51
may. 07, 2024 10:58:39 P. M. tp.LOG run
INFORMACIÓN: Información actual: 
Verificados: 127
Cancelados: 51
may. 07, 2024 10:58:39 P. M. tp.LOG run
INFORMACIÓN: Información actual: 
Verificados: 128
Cancelados: 51
may. 07, 2024 10:58:39 P. M. tp.LOG run
INFORMACIÓN: Información actual: 
Verificados: 128
Cancelados: 51
may. 07, 2024 10:58:40 P. M. tp.LOG run
INFORMACIÓN: Información actual: 
Verificados: 128
Cancelados: 51
may. 07, 2024 10:58:40 P. M. tp.LOG run
INFORMACIÓN: Información actual: 
Verificados: 128
Cancelados: 51
may. 07, 2024 10:58:40 P. M. tp.LOG run
INFORMACIÓN: Información actual: 
Verificados: 128
Cancelados: 51
may. 07, 2024 10:58:40 P. M. tp.LOG run
INFORMACIÓN: Información actual: 
Verificados: 128
Cancelados: 51
may. 07, 2024 10:58:40 P. M. tp.LOG run
INFORMACIÓN: Información actual: 
Verificados: 128
Cancelados: 51
may. 07, 2024 10:58:41 P. M. tp.LOG run
INFORMACIÓN: Información actual: 
Verificados: 128
Cancelados: 52
may. 07, 2024 10:58:41 P. M. tp.LOG run
INFORMACIÓN: Información actual: 
Verificados: 128
Cancelados: 53
may. 07, 2024 10:58:41 P. M. tp.LOG run
INFORMACIÓN: Información actual: 
Verificados: 128
Cancelados: 53
may. 07, 2024 10:58:41 P. M. tp.LOG run
INFORMACIÓN: Información actual: 
Verificados: 128
Cancelados: 53
may. 07, 2024 10:58:41 P. M. tp.LOG run
INFORMACIÓN: Información actual: 
Verificados: 128
Cancelados: 53
may. 07, 2024 10:58:42 P. M. tp.LOG run
INFORMACIÓN: Información actual: 
Verificados: 128
Cancelados: 53
may. 07, 2024 10:58:42 P. M. tp.LOG run
INFORMACIÓN: Información actual: 
Verificados: 128
Cancelados: 53
may. 07, 2024 10:58:42 P. M. tp.LOG run
INFORMACIÓN: Información actual: 
Verificados: 128
Cancelados: 53
may. 07, 2024 10:58:42 P. M. tp.LOG run
INFORMACIÓN: Información actual: 
Verificados: 128
Cancelados: 53
may. 07, 2024 10:58:42 P. M. tp.LOG run
INFORMACIÓN: Información actual: 
Verificados: 128
Cancelados: 53
may. 07, 2024 10:58:43 P. M. tp.LOG run
INFORMACIÓN: Información actual: 
Verificados: 128
Cancelados: 53
may. 07, 2024 10:58:43 P. M. tp.LOG run
INFORMACIÓN: Información actual: 
Verificados: 129
Cancelados: 53
may. 07, 2024 10:58:43 P. M. tp.LOG run
INFORMACIÓN: Información actual: 
Verificados: 129
Cancelados: 53
may. 07, 2024 10:58:43 P. M. tp.LOG run
INFORMACIÓN: Información actual: 
Verificados: 130
Cancelados: 53
may. 07, 2024 10:58:43 P. M. tp.LOG run
INFORMACIÓN: Información actual: 
Verificados: 130
Cancelados: 53
may. 07, 2024 10:58:44 P. M. tp.LOG run
INFORMACIÓN: Información actual: 
Verificados: 130
Cancelados: 53
may. 07, 2024 10:58:44 P. M. tp.LOG run
INFORMACIÓN: Información actual: 
Verificados: 130
Cancelados: 53
may. 07, 2024 10:58:44 P. M. tp.LOG run
INFORMACIÓN: Información actual: 
Verificados: 130
Cancelados: 54
may. 07, 2024 10:58:44 P. M. tp.LOG run
INFORMACIÓN: Información actual: 
Verificados: 130
Cancelados: 54
may. 07, 2024 10:58:44 P. M. tp.LOG run
INFORMACIÓN: Información actual: 
Verificados: 130
Cancelados: 54
may. 07, 2024 10:58:45 P. M. tp.LOG run
INFORMACIÓN: Información actual: 
Verificados: 130
Cancelados: 54
may. 07, 2024 10:58:45 P. M. tp.LOG run
INFORMACIÓN: Información actual: 
Verificados: 130
Cancelados: 54
may. 07, 2024 10:58:45 P. M. tp.LOG run
INFORMACIÓN: Información actual: 
Verificados: 130
Cancelados: 54
may. 07, 2024 10:58:45 P. M. tp.LOG run
INFORMACIÓN: Información actual: 
Verificados: 130
Cancelados: 54
may. 07, 2024 10:58:45 P. M. tp.LOG run
INFORMACIÓN: Información actual: 
Verificados: 130
Cancelados: 54
may. 07, 2024 10:58:46 P. M. tp.LOG run
INFORMACIÓN: Información actual: 
Verificados: 130
Cancelados: 55
may. 07, 2024 10:58:46 P. M. tp.LOG run
INFORMACIÓN: Información actual: 
Verificados: 130
Cancelados: 55
may. 07, 2024 10:58:46 P. M. tp.LOG run
INFORMACIÓN: Información actual: 
Verificados: 130
Cancelados: 55
may. 07, 2024 10:58:46 P. M. tp.LOG run
INFORMACIÓN: Información actual: 
Verificados: 130
Cancelados: 55
may. 07, 2024 10:58:46 P. M. tp.LOG run
INFORMACIÓN: Información actual: 
Verificados: 130
Cancelados: 55
may. 07, 2024 10:58:47 P. M. tp.LOG run
INFORMACIÓN: Información actual: 
Verificados: 130
Cancelados: 55
may. 07, 2024 10:58:47 P. M. tp.LOG run
INFORMACIÓN: Información actual: 
Verificados: 130
Cancelados: 55
may. 07, 2024 10:58:47 P. M. tp.LOG run
INFORMACIÓN: Información actual: 
Verificados: 130
Cancelados: 55
may. 07, 2024 10:58:47 P. M. tp.LOG run
INFORMACIÓN: Información actual: 
Verificados: 130
Cancelados: 55
may. 07, 2024 10:58:47 P. M. tp.LOG run
INFORMACIÓN: Información actual: 
Verificados: 130
Cancelados: 55
may. 07, 2024 10:58:48 P. M. tp.LOG run
INFORMACIÓN: Información actual: 
Verificados: 130
Cancelados: 55
may. 07, 2024 10:58:48 P. M. tp.LOG run
INFORMACIÓN: Información actual: 
Verificados: 130
Cancelados: 55
may. 07, 2024 10:58:48 P. M. tp.LOG run
INFORMACIÓN: 
 Ocupación final: 130 asientos

may. 07, 2024 10:58:48 P. M. tp.LOG run
INFORMACIÓN: Información final: 
Verificados: 130
Cancelados: 55
may. 07, 2024 10:58:48 P. M. tp.LOG run
INFORMACIÓN: 
El programa demoro: 26579 ms

