may. 07, 2024 10:48:43 P. M. tp.LOG run
INFORMACIÓN: Información actual: 
Verificados: 0
Cancelados: 0
may. 07, 2024 10:48:43 P. M. tp.LOG run
INFORMACIÓN: Información actual: 
Verificados: 1
Cancelados: 2
may. 07, 2024 10:48:43 P. M. tp.LOG run
INFORMACIÓN: Información actual: 
Verificados: 4
Cancelados: 2
may. 07, 2024 10:48:43 P. M. tp.LOG run
INFORMACIÓN: Información actual: 
Verificados: 6
Cancelados: 6
may. 07, 2024 10:48:43 P. M. tp.LOG run
INFORMACIÓN: Información actual: 
Verificados: 8
Cancelados: 8
may. 07, 2024 10:48:44 P. M. tp.LOG run
INFORMACIÓN: Información actual: 
Verificados: 11
Cancelados: 9
may. 07, 2024 10:48:44 P. M. tp.LOG run
INFORMACIÓN: Información actual: 
Verificados: 15
Cancelados: 10
may. 07, 2024 10:48:44 P. M. tp.LOG run
INFORMACIÓN: Información actual: 
Verificados: 19
Cancelados: 13
may. 07, 2024 10:48:44 P. M. tp.LOG run
INFORMACIÓN: Información actual: 
Verificados: 23
Cancelados: 14
may. 07, 2024 10:48:44 P. M. tp.LOG run
INFORMACIÓN: Información actual: 
Verificados: 26
Cancelados: 14
may. 07, 2024 10:48:45 P. M. tp.LOG run
INFORMACIÓN: Información actual: 
Verificados: 28
Cancelados: 15
may. 07, 2024 10:48:45 P. M. tp.LOG run
INFORMACIÓN: Información actual: 
Verificados: 33
Cancelados: 15
may. 07, 2024 10:48:45 P. M. tp.LOG run
INFORMACIÓN: Información actual: 
Verificados: 37
Cancelados: 16
may. 07, 2024 10:48:45 P. M. tp.LOG run
INFORMACIÓN: Información actual: 
Verificados: 41
Cancelados: 16
may. 07, 2024 10:48:45 P. M. tp.LOG run
INFORMACIÓN: Información actual: 
Verificados: 45
Cancelados: 17
may. 07, 2024 10:48:46 P. M. tp.LOG run
INFORMACIÓN: Información actual: 
Verificados: 47
Cancelados: 21
may. 07, 2024 10:48:46 P. M. tp.LOG run
INFORMACIÓN: Información actual: 
Verificados: 49
Cancelados: 23
may. 07, 2024 10:48:46 P. M. tp.LOG run
INFORMACIÓN: Información actual: 
Verificados: 55
Cancelados: 25
may. 07, 2024 10:48:46 P. M. tp.LOG run
INFORMACIÓN: Información actual: 
Verificados: 56
Cancelados: 27
may. 07, 2024 10:48:46 P. M. tp.LOG run
INFORMACIÓN: Información actual: 
Verificados: 60
Cancelados: 29
may. 07, 2024 10:48:47 P. M. tp.LOG run
INFORMACIÓN: Información actual: 
Verificados: 67
Cancelados: 29
may. 07, 2024 10:48:47 P. M. tp.LOG run
INFORMACIÓN: Información actual: 
Verificados: 71
Cancelados: 30
may. 07, 2024 10:48:47 P. M. tp.LOG run
INFORMACIÓN: Información actual: 
Verificados: 76
Cancelados: 32
may. 07, 2024 10:48:47 P. M. tp.LOG run
INFORMACIÓN: Información actual: 
Verificados: 81
Cancelados: 33
may. 07, 2024 10:48:47 P. M. tp.LOG run
INFORMACIÓN: Información actual: 
Verificados: 83
Cancelados: 33
may. 07, 2024 10:48:48 P. M. tp.LOG run
INFORMACIÓN: Información actual: 
Verificados: 85
Cancelados: 36
may. 07, 2024 10:48:48 P. M. tp.LOG run
INFORMACIÓN: Información actual: 
Verificados: 88
Cancelados: 36
may. 07, 2024 10:48:48 P. M. tp.LOG run
INFORMACIÓN: Información actual: 
Verificados: 92
Cancelados: 37
may. 07, 2024 10:48:48 P. M. tp.LOG run
INFORMACIÓN: Información actual: 
Verificados: 94
Cancelados: 37
may. 07, 2024 10:48:48 P. M. tp.LOG run
INFORMACIÓN: Información actual: 
Verificados: 97
Cancelados: 37
may. 07, 2024 10:48:49 P. M. tp.LOG run
INFORMACIÓN: Información actual: 
Verificados: 100
Cancelados: 38
may. 07, 2024 10:48:49 P. M. tp.LOG run
INFORMACIÓN: Información actual: 
Verificados: 102
Cancelados: 41
may. 07, 2024 10:48:49 P. M. tp.LOG run
INFORMACIÓN: Información actual: 
Verificados: 103
Cancelados: 41
may. 07, 2024 10:48:49 P. M. tp.LOG run
INFORMACIÓN: Información actual: 
Verificados: 105
Cancelados: 41
may. 07, 2024 10:48:49 P. M. tp.LOG run
INFORMACIÓN: Información actual: 
Verificados: 105
Cancelados: 41
may. 07, 2024 10:48:50 P. M. tp.LOG run
INFORMACIÓN: Información actual: 
Verificados: 107
Cancelados: 41
may. 07, 2024 10:48:50 P. M. tp.LOG run
INFORMACIÓN: Información actual: 
Verificados: 110
Cancelados: 41
may. 07, 2024 10:48:50 P. M. tp.LOG run
INFORMACIÓN: Información actual: 
Verificados: 111
Cancelados: 41
may. 07, 2024 10:48:50 P. M. tp.LOG run
INFORMACIÓN: Información actual: 
Verificados: 115
Cancelados: 41
may. 07, 2024 10:48:50 P. M. tp.LOG run
INFORMACIÓN: Información actual: 
Verificados: 116
Cancelados: 41
may. 07, 2024 10:48:51 P. M. tp.LOG run
INFORMACIÓN: Información actual: 
Verificados: 116
Cancelados: 41
may. 07, 2024 10:48:51 P. M. tp.LOG run
INFORMACIÓN: Información actual: 
Verificados: 116
Cancelados: 42
may. 07, 2024 10:48:51 P. M. tp.LOG run
INFORMACIÓN: Información actual: 
Verificados: 118
Cancelados: 43
may. 07, 2024 10:48:51 P. M. tp.LOG run
INFORMACIÓN: Información actual: 
Verificados: 118
Cancelados: 43
may. 07, 2024 10:48:51 P. M. tp.LOG run
INFORMACIÓN: Información actual: 
Verificados: 121
Cancelados: 43
may. 07, 2024 10:48:52 P. M. tp.LOG run
INFORMACIÓN: Información actual: 
Verificados: 122
Cancelados: 43
may. 07, 2024 10:48:52 P. M. tp.LOG run
INFORMACIÓN: Información actual: 
Verificados: 123
Cancelados: 43
may. 07, 2024 10:48:52 P. M. tp.LOG run
INFORMACIÓN: Información actual: 
Verificados: 123
Cancelados: 45
may. 07, 2024 10:48:52 P. M. tp.LOG run
INFORMACIÓN: Información actual: 
Verificados: 124
Cancelados: 45
may. 07, 2024 10:48:52 P. M. tp.LOG run
INFORMACIÓN: Información actual: 
Verificados: 124
Cancelados: 48
may. 07, 2024 10:48:53 P. M. tp.LOG run
INFORMACIÓN: Información actual: 
Verificados: 124
Cancelados: 48
may. 07, 2024 10:48:53 P. M. tp.LOG run
INFORMACIÓN: Información actual: 
Verificados: 124
Cancelados: 48
may. 07, 2024 10:48:53 P. M. tp.LOG run
INFORMACIÓN: Información actual: 
Verificados: 125
Cancelados: 48
may. 07, 2024 10:48:53 P. M. tp.LOG run
INFORMACIÓN: Información actual: 
Verificados: 125
Cancelados: 48
may. 07, 2024 10:48:53 P. M. tp.LOG run
INFORMACIÓN: Información actual: 
Verificados: 126
Cancelados: 48
may. 07, 2024 10:48:54 P. M. tp.LOG run
INFORMACIÓN: Información actual: 
Verificados: 126
Cancelados: 48
may. 07, 2024 10:48:54 P. M. tp.LOG run
INFORMACIÓN: Información actual: 
Verificados: 127
Cancelados: 48
may. 07, 2024 10:48:54 P. M. tp.LOG run
INFORMACIÓN: Información actual: 
Verificados: 127
Cancelados: 48
may. 07, 2024 10:48:54 P. M. tp.LOG run
INFORMACIÓN: Información actual: 
Verificados: 127
Cancelados: 48
may. 07, 2024 10:48:54 P. M. tp.LOG run
INFORMACIÓN: Información actual: 
Verificados: 128
Cancelados: 48
may. 07, 2024 10:48:55 P. M. tp.LOG run
INFORMACIÓN: Información actual: 
Verificados: 128
Cancelados: 48
may. 07, 2024 10:48:55 P. M. tp.LOG run
INFORMACIÓN: Información actual: 
Verificados: 128
Cancelados: 48
may. 07, 2024 10:48:55 P. M. tp.LOG run
INFORMACIÓN: Información actual: 
Verificados: 128
Cancelados: 48
may. 07, 2024 10:48:55 P. M. tp.LOG run
INFORMACIÓN: Información actual: 
Verificados: 128
Cancelados: 48
may. 07, 2024 10:48:55 P. M. tp.LOG run
INFORMACIÓN: Información actual: 
Verificados: 128
Cancelados: 48
may. 07, 2024 10:48:56 P. M. tp.LOG run
INFORMACIÓN: Información actual: 
Verificados: 129
Cancelados: 49
may. 07, 2024 10:48:56 P. M. tp.LOG run
INFORMACIÓN: Información actual: 
Verificados: 129
Cancelados: 49
may. 07, 2024 10:48:56 P. M. tp.LOG run
INFORMACIÓN: Información actual: 
Verificados: 129
Cancelados: 49
may. 07, 2024 10:48:56 P. M. tp.LOG run
INFORMACIÓN: Información actual: 
Verificados: 129
Cancelados: 49
may. 07, 2024 10:48:56 P. M. tp.LOG run
INFORMACIÓN: Información actual: 
Verificados: 129
Cancelados: 49
may. 07, 2024 10:48:57 P. M. tp.LOG run
INFORMACIÓN: Información actual: 
Verificados: 129
Cancelados: 50
may. 07, 2024 10:48:57 P. M. tp.LOG run
INFORMACIÓN: Información actual: 
Verificados: 129
Cancelados: 50
may. 07, 2024 10:48:57 P. M. tp.LOG run
INFORMACIÓN: Información actual: 
Verificados: 129
Cancelados: 50
may. 07, 2024 10:48:57 P. M. tp.LOG run
INFORMACIÓN: Información actual: 
Verificados: 129
Cancelados: 50
may. 07, 2024 10:48:57 P. M. tp.LOG run
INFORMACIÓN: Información actual: 
Verificados: 132
Cancelados: 50
may. 07, 2024 10:48:58 P. M. tp.LOG run
INFORMACIÓN: Información actual: 
Verificados: 132
Cancelados: 50
may. 07, 2024 10:48:58 P. M. tp.LOG run
INFORMACIÓN: Información actual: 
Verificados: 132
Cancelados: 50
may. 07, 2024 10:48:58 P. M. tp.LOG run
INFORMACIÓN: Información actual: 
Verificados: 133
Cancelados: 50
may. 07, 2024 10:48:58 P. M. tp.LOG run
INFORMACIÓN: Información actual: 
Verificados: 133
Cancelados: 50
may. 07, 2024 10:48:58 P. M. tp.LOG run
INFORMACIÓN: Información actual: 
Verificados: 133
Cancelados: 50
may. 07, 2024 10:48:59 P. M. tp.LOG run
INFORMACIÓN: Información actual: 
Verificados: 133
Cancelados: 50
may. 07, 2024 10:48:59 P. M. tp.LOG run
INFORMACIÓN: Información actual: 
Verificados: 133
Cancelados: 50
may. 07, 2024 10:48:59 P. M. tp.LOG run
INFORMACIÓN: Información actual: 
Verificados: 133
Cancelados: 50
may. 07, 2024 10:48:59 P. M. tp.LOG run
INFORMACIÓN: Información actual: 
Verificados: 133
Cancelados: 50
may. 07, 2024 10:48:59 P. M. tp.LOG run
INFORMACIÓN: Información actual: 
Verificados: 133
Cancelados: 50
may. 07, 2024 10:49:00 P. M. tp.LOG run
INFORMACIÓN: Información actual: 
Verificados: 133
Cancelados: 50
may. 07, 2024 10:49:00 P. M. tp.LOG run
INFORMACIÓN: Información actual: 
Verificados: 133
Cancelados: 50
may. 07, 2024 10:49:00 P. M. tp.LOG run
INFORMACIÓN: Información actual: 
Verificados: 133
Cancelados: 50
may. 07, 2024 10:49:00 P. M. tp.LOG run
INFORMACIÓN: Información actual: 
Verificados: 133
Cancelados: 51
may. 07, 2024 10:49:00 P. M. tp.LOG run
INFORMACIÓN: Información actual: 
Verificados: 133
Cancelados: 51
may. 07, 2024 10:49:01 P. M. tp.LOG run
INFORMACIÓN: Información actual: 
Verificados: 133
Cancelados: 51
may. 07, 2024 10:49:01 P. M. tp.LOG run
INFORMACIÓN: Información actual: 
Verificados: 133
Cancelados: 51
may. 07, 2024 10:49:01 P. M. tp.LOG run
INFORMACIÓN: Información actual: 
Verificados: 133
Cancelados: 51
may. 07, 2024 10:49:01 P. M. tp.LOG run
INFORMACIÓN: Información actual: 
Verificados: 133
Cancelados: 51
may. 07, 2024 10:49:01 P. M. tp.LOG run
INFORMACIÓN: Información actual: 
Verificados: 133
Cancelados: 51
may. 07, 2024 10:49:02 P. M. tp.LOG run
INFORMACIÓN: Información actual: 
Verificados: 133
Cancelados: 51
may. 07, 2024 10:49:02 P. M. tp.LOG run
INFORMACIÓN: Información actual: 
Verificados: 133
Cancelados: 51
may. 07, 2024 10:49:02 P. M. tp.LOG run
INFORMACIÓN: Información actual: 
Verificados: 133
Cancelados: 51
may. 07, 2024 10:49:02 P. M. tp.LOG run
INFORMACIÓN: Información actual: 
Verificados: 133
Cancelados: 51
may. 07, 2024 10:49:02 P. M. tp.LOG run
INFORMACIÓN: Información actual: 
Verificados: 133
Cancelados: 51
may. 07, 2024 10:49:03 P. M. tp.LOG run
INFORMACIÓN: Información actual: 
Verificados: 134
Cancelados: 51
may. 07, 2024 10:49:03 P. M. tp.LOG run
INFORMACIÓN: Información actual: 
Verificados: 134
Cancelados: 51
may. 07, 2024 10:49:03 P. M. tp.LOG run
INFORMACIÓN: Información actual: 
Verificados: 134
Cancelados: 51
may. 07, 2024 10:49:03 P. M. tp.LOG run
INFORMACIÓN: Información actual: 
Verificados: 134
Cancelados: 51
may. 07, 2024 10:49:03 P. M. tp.LOG run
INFORMACIÓN: Información actual: 
Verificados: 134
Cancelados: 51
may. 07, 2024 10:49:04 P. M. tp.LOG run
INFORMACIÓN: Información actual: 
Verificados: 134
Cancelados: 51
may. 07, 2024 10:49:04 P. M. tp.LOG run
INFORMACIÓN: Información actual: 
Verificados: 134
Cancelados: 51
may. 07, 2024 10:49:04 P. M. tp.LOG run
INFORMACIÓN: Información actual: 
Verificados: 134
Cancelados: 51
may. 07, 2024 10:49:04 P. M. tp.LOG run
INFORMACIÓN: Información actual: 
Verificados: 134
Cancelados: 51
may. 07, 2024 10:49:04 P. M. tp.LOG run
INFORMACIÓN: Información actual: 
Verificados: 134
Cancelados: 51
may. 07, 2024 10:49:05 P. M. tp.LOG run
INFORMACIÓN: Información actual: 
Verificados: 134
Cancelados: 51
may. 07, 2024 10:49:05 P. M. tp.LOG run
INFORMACIÓN: Información actual: 
Verificados: 134
Cancelados: 51
may. 07, 2024 10:49:05 P. M. tp.LOG run
INFORMACIÓN: Información actual: 
Verificados: 135
Cancelados: 51
may. 07, 2024 10:49:05 P. M. tp.LOG run
INFORMACIÓN: Información actual: 
Verificados: 135
Cancelados: 51
may. 07, 2024 10:49:05 P. M. tp.LOG run
INFORMACIÓN: Información actual: 
Verificados: 135
Cancelados: 51
may. 07, 2024 10:49:06 P. M. tp.LOG run
INFORMACIÓN: Información actual: 
Verificados: 135
Cancelados: 51
may. 07, 2024 10:49:06 P. M. tp.LOG run
INFORMACIÓN: Información actual: 
Verificados: 135
Cancelados: 51
may. 07, 2024 10:49:06 P. M. tp.LOG run
INFORMACIÓN: Información actual: 
Verificados: 135
Cancelados: 51
may. 07, 2024 10:49:06 P. M. tp.LOG run
INFORMACIÓN: Información actual: 
Verificados: 135
Cancelados: 51
may. 07, 2024 10:49:06 P. M. tp.LOG run
INFORMACIÓN: Información actual: 
Verificados: 135
Cancelados: 51
may. 07, 2024 10:49:07 P. M. tp.LOG run
INFORMACIÓN: Información actual: 
Verificados: 135
Cancelados: 51
may. 07, 2024 10:49:07 P. M. tp.LOG run
INFORMACIÓN: Información actual: 
Verificados: 135
Cancelados: 51
may. 07, 2024 10:49:07 P. M. tp.LOG run
INFORMACIÓN: Información actual: 
Verificados: 135
Cancelados: 51
may. 07, 2024 10:49:07 P. M. tp.LOG run
INFORMACIÓN: Información actual: 
Verificados: 135
Cancelados: 51
may. 07, 2024 10:49:07 P. M. tp.LOG run
INFORMACIÓN: Información actual: 
Verificados: 135
Cancelados: 51
may. 07, 2024 10:49:08 P. M. tp.LOG run
INFORMACIÓN: Información actual: 
Verificados: 135
Cancelados: 51
may. 07, 2024 10:49:08 P. M. tp.LOG run
INFORMACIÓN: Información actual: 
Verificados: 135
Cancelados: 51
may. 07, 2024 10:49:08 P. M. tp.LOG run
INFORMACIÓN: Información actual: 
Verificados: 135
Cancelados: 51
may. 07, 2024 10:49:08 P. M. tp.LOG run
INFORMACIÓN: Información actual: 
Verificados: 135
Cancelados: 51
may. 07, 2024 10:49:08 P. M. tp.LOG run
INFORMACIÓN: Información actual: 
Verificados: 135
Cancelados: 51
may. 07, 2024 10:49:09 P. M. tp.LOG run
INFORMACIÓN: 
 Ocupación final: 135 asientos

may. 07, 2024 10:49:09 P. M. tp.LOG run
INFORMACIÓN: Información final: 
Verificados: 135
Cancelados: 51
may. 07, 2024 10:49:09 P. M. tp.LOG run
INFORMACIÓN: 
El programa demoro: 26181 ms
